GET /1 - 11.59ms - 8 bytes ::ffff:127.0.0.1-GET /favicon.ico - 3.90ms - 150 bytes ::ffff:127.0.0.1-GET /1 - 5.56ms - 8 bytes
GET /favicon.ico - 4.02ms - 150 bytes
GET /1 - 1.87ms - 8 bytes
GET /favicon.ico - 1.42ms - 150 bytes
GET /admin/ - 10.29ms - 145 bytes
GET /admin/ - 7.25ms - 145 bytes
GET /login/ - 19.75ms - 1285 bytes
GET /login/output.css - 1.20ms - 155 bytes
GET /login/pictures/fredy-jacob-t0SlmanfFcg-unsplash.webp - 0.97ms - 191 bytes
GET /favicon.ico - 0.97ms - 150 bytes
GET /admin/ - 8.47ms - 145 bytes
GET /admin - 1.84ms - 144 bytes
GET /admin - 13.86ms - 144 bytes
GET /1 - 5.95ms - 8 bytes
GET /favicon.ico - 2.41ms - 150 bytes
GET /1 - 19.54ms - 964 bytes
GET /output.css - 4.94ms - 964 bytes
GET /articles/pictures/fredy-jacob-t0SlmanfFcg-unsplash.webp - 4.89ms - 194 bytes
GET /favicon.ico - 1.17ms - 150 bytes
GET / - 1.20ms - 8 bytes
GET /favicon.ico - 0.88ms - 150 bytes
GET /login - 3.31ms - 1285 bytes
GET /output.css - 0.93ms - 149 bytes
GET /pictures/fredy-jacob-t0SlmanfFcg-unsplash.webp - 1.22ms - 185 bytes
GET /favicon.ico - 0.93ms - 150 bytes
POST /login - 59.72ms - 12 bytes
GET /favicon.ico - 0.85ms - 150 bytes
GET /admin/ - 6.63ms - 145 bytes
GET / - 15.59ms - 925 bytes
GET /admin/output.css - 4.27ms - 155 bytes
GET /admin/pictures/fredy-jacob-t0SlmanfFcg-unsplash.webp - 1.45ms - 191 bytes
GET /favicon.ico - 1.08ms - 150 bytes
GET / - 4.72ms - 931 bytes
GET /admin/output.css - 3.21ms - 155 bytes
GET /admin/pictures/fredy-jacob-t0SlmanfFcg-unsplash.webp - 2.64ms - 191 bytes
GET /favicon.ico - 1.04ms - 150 bytes
GET /login - 8.66ms - 144 bytes
GET / - 12.45ms - 1291 bytes
GET /output.css - 3.23ms - 149 bytes
GET /pictures/fredy-jacob-t0SlmanfFcg-unsplash.webp - 0.77ms - 185 bytes
GET /favicon.ico - 1.17ms - 150 bytes
GET / - 4.95ms - 1309 bytes
GET /output.css - 0.93ms - 149 bytes
GET /pictures/fredy-jacob-t0SlmanfFcg-unsplash.webp - 1.63ms - 185 bytes
GET /favicon.ico - 0.79ms - 150 bytes
GET / - 3.04ms - 1296 bytes
GET /output.css - 0.89ms - 149 bytes
GET /pictures/fredy-jacob-t0SlmanfFcg-unsplash.webp - 1.00ms - 185 bytes
GET /favicon.ico - 1.37ms - 150 bytes
GET / - 3.98ms - 1327 bytes
GET /output.css - 1.11ms - 149 bytes
GET /pictures/fredy-jacob-t0SlmanfFcg-unsplash.webp - 0.95ms - 185 bytes
GET /favicon.ico - 0.84ms - 150 bytes
GET / - 4.16ms - 1327 bytes
GET /output.css - 0.81ms - 149 bytes
GET /pictures/fredy-jacob-t0SlmanfFcg-unsplash.webp - 0.85ms - 185 bytes
GET /favicon.ico - 0.91ms - 150 bytes
GET /1 - 5.03ms - 970 bytes
GET /output.css - 4.14ms - 970 bytes
GET /articles/pictures/fredy-jacob-t0SlmanfFcg-unsplash.webp - 1.14ms - 194 bytes
GET /favicon.ico - 0.99ms - 150 bytes
GET /1 - 3.74ms - 977 bytes
GET /output.css - 2.61ms - 977 bytes
GET /articles/public/pictures/fredy-jacob-t0SlmanfFcg-unsplash.webp - 0.66ms - 201 bytes
GET /favicon.ico - 0.59ms - 150 bytes
GET /1 - 2.86ms - 981 bytes
GET /output.css - 4.53ms - 981 bytes
GET /public/pictures/fredy-jacob-t0SlmanfFcg-unsplash.webp - 0.73ms - 192 bytes
GET /favicon.ico - 0.73ms - 150 bytes
GET / - 3.25ms - 1338 bytes
GET /output.css - 0.91ms - 149 bytes
GET /public/pictures/fredy-jacob-t0SlmanfFcg-unsplash.webp - 1.03ms - 192 bytes
GET /favicon.ico - 0.76ms - 150 bytes
GET / - 2.01ms - 1294 bytes
GET /output.css - 0.64ms - 149 bytes
GET /favicon.ico - 0.58ms - 150 bytes
GET / - 5.86ms - 898 bytes
GET /admin/output.css - 2.60ms - 155 bytes
GET /favicon.ico - 0.68ms - 150 bytes
GET / - 2.87ms - 942 bytes
GET /admin/output.css - 1.36ms - 155 bytes
GET /public/pictures/fredy-jacob-t0SlmanfFcg-unsplash.webp - 1.42ms - 192 bytes
GET /favicon.ico - 0.65ms - 150 bytes
GET / - 3.48ms - 930 bytes
GET /admin/output.css - 1.75ms - 155 bytes
GET /pictures/fredy-jacob-t0SlmanfFcg-unsplash.webp - 0.67ms - 185 bytes
GET /favicon.ico - 0.71ms - 150 bytes
GET / - 15.90ms - 930 bytes
GET /admin/output.css - 4.81ms - 155 bytes
GET /favicon.ico - 1.81ms - 150 bytes
GET / - 4.84ms - 929 bytes
GET /favicon.ico - 1.44ms - 150 bytes
GET / - 9.83ms - 139 bytes
GET /1 - 23.86ms - 968 bytes
GET /favicon.ico - 1.08ms - 150 bytes
GET /1 - 3.72ms - 973 bytes
GET /favicon.ico - 1.08ms - 150 bytes
GET /1 - 4.32ms - 984 bytes
GET /favicon.ico - 1.22ms - 150 bytes
GET /1 - 3.74ms - 986 bytes
GET /1 - 6.13ms - 999 bytes
GET /favicon.ico - 0.68ms - 150 bytes
GET /1 - 4.62ms - 1020 bytes
GET /favicon.ico - 0.62ms - 150 bytes
GET /1 - 3.92ms - 1026 bytes
GET /favicon.ico - 0.75ms - 150 bytes
GET /1 - 3.47ms - 1026 bytes
GET /favicon.ico - 0.70ms - 150 bytes
GET /1 - 3.42ms - 1031 bytes
GET /favicon.ico - 0.84ms - 150 bytes
GET /1 - 3.70ms - 1020 bytes
GET /favicon.ico - 0.59ms - 150 bytes
GET /1 - 4.26ms - 1020 bytes
GET /1 - 31.09ms - 1020 bytes
GET /1 - 32.06ms - 1020 bytes
GET /1 - 33.81ms - 1020 bytes
GET /1 - 34.18ms - 1020 bytes
GET /1 - 33.57ms - 1020 bytes
GET /1 - 34.80ms - 1020 bytes
GET /1 - 35.89ms - 1020 bytes
GET /1 - 37.70ms - 1020 bytes
GET /1 - 38.78ms - 1020 bytes
GET /1 - 43.68ms - 1020 bytes
GET /1 - 45.03ms - 1020 bytes
GET /1 - 42.89ms - 1020 bytes
GET /1 - 42.36ms - 1020 bytes
GET /1 - 44.60ms - 1020 bytes
GET /1 - 45.69ms - 1020 bytes
GET /1 - 46.36ms - 1020 bytes
GET /1 - 48.80ms - 1020 bytes
GET /1 - 49.50ms - 1020 bytes
GET /1 - 51.38ms - 1020 bytes
GET /1 - 55.32ms - 1020 bytes
GET /1 - 52.11ms - 1020 bytes
GET /1 - 52.74ms - 1020 bytes
GET /1 - 53.39ms - 1020 bytes
GET /1 - 54.29ms - 1020 bytes
GET /1 - 56.40ms - 1020 bytes
GET /1 - 56.18ms - 1020 bytes
GET /1 - 59.36ms - 1020 bytes
GET /1 - 59.71ms - 1020 bytes
GET /1 - 61.17ms - 1020 bytes
GET /1 - 64.90ms - 1020 bytes
GET /1 - 62.43ms - 1020 bytes
GET /1 - 63.33ms - 1020 bytes
GET /1 - 64.24ms - 1020 bytes
GET /1 - 65.04ms - 1020 bytes
GET /1 - 66.17ms - 1020 bytes
GET /1 - 68.91ms - 1020 bytes
GET /1 - 70.59ms - 1020 bytes
GET /1 - 70.18ms - 1020 bytes
GET /1 - 73.97ms - 1020 bytes
GET /1 - 70.63ms - 1020 bytes
GET /1 - 70.85ms - 1020 bytes
GET /1 - 72.08ms - 1020 bytes
GET /1 - 71.84ms - 1020 bytes
GET /1 - 72.50ms - 1020 bytes
GET /1 - 73.13ms - 1020 bytes
GET /1 - 74.43ms - 1020 bytes
GET /1 - 79.64ms - 1020 bytes
GET /1 - 77.55ms - 1020 bytes
GET /1 - 76.56ms - 1020 bytes
GET /1 - 77.27ms - 1020 bytes
GET /1 - 78.06ms - 1020 bytes
GET /1 - 78.77ms - 1020 bytes
GET /1 - 81.79ms - 1020 bytes
GET /1 - 81.35ms - 1020 bytes
GET /1 - 80.83ms - 1020 bytes
GET /1 - 81.56ms - 1020 bytes
GET /1 - 82.31ms - 1020 bytes
GET /1 - 82.98ms - 1020 bytes
GET /1 - 83.67ms - 1020 bytes
GET /1 - 87.07ms - 1020 bytes
GET /1 - 85.22ms - 1020 bytes
GET /1 - 86.35ms - 1020 bytes
GET /1 - 88.77ms - 1020 bytes
GET /1 - 88.57ms - 1020 bytes
GET /1 - 89.02ms - 1020 bytes
GET /1 - 90.33ms - 1020 bytes
GET /1 - 91.89ms - 1020 bytes
GET /1 - 92.08ms - 1020 bytes
GET /1 - 94.51ms - 1020 bytes
GET /1 - 93.26ms - 1020 bytes
GET /1 - 93.23ms - 1020 bytes
GET /1 - 93.76ms - 1020 bytes
GET /1 - 94.29ms - 1020 bytes
GET /1 - 95.87ms - 1020 bytes
GET /1 - 97.49ms - 1020 bytes
GET /1 - 94.11ms - 1020 bytes
GET /1 - 94.77ms - 1020 bytes
GET /1 - 95.89ms - 1020 bytes
GET /1 - 96.37ms - 1020 bytes
GET /1 - 98.20ms - 1020 bytes
GET /1 - 99.11ms - 1020 bytes
GET /1 - 100.01ms - 1020 bytes
GET /1 - 100.91ms - 1020 bytes
GET /1 - 104.00ms - 1020 bytes
GET /1 - 103.02ms - 1020 bytes
GET /1 - 104.70ms - 1020 bytes
GET /1 - 105.91ms - 1020 bytes
GET /1 - 106.65ms - 1020 bytes
GET /1 - 107.40ms - 1020 bytes
GET /1 - 108.13ms - 1020 bytes
GET /1 - 109.68ms - 1020 bytes
GET /1 - 111.47ms - 1020 bytes
GET /1 - 110.46ms - 1020 bytes
GET /1 - 111.06ms - 1020 bytes
GET /1 - 115.92ms - 1020 bytes
GET /1 - 112.50ms - 1020 bytes
GET /1 - 116.06ms - 1020 bytes
GET /1 - 115.60ms - 1020 bytes
GET /1 - 115.60ms - 1020 bytes
GET /1 - 121.41ms - 1020 bytes
GET /1 - 35.88ms - 1020 bytes
GET /1 - 36.71ms - 1020 bytes
GET /1 - 39.30ms - 1020 bytes
GET /1 - 39.56ms - 1020 bytes
GET /1 - 40.82ms - 1020 bytes
GET /1 - 42.77ms - 1020 bytes
GET /1 - 44.35ms - 1020 bytes
GET /1 - 46.52ms - 1020 bytes
GET /1 - 47.69ms - 1020 bytes
GET /1 - 45.70ms - 1020 bytes
GET /1 - 46.57ms - 1020 bytes
GET /1 - 47.44ms - 1020 bytes
GET /1 - 48.96ms - 1020 bytes
GET /1 - 50.71ms - 1020 bytes
GET /1 - 52.66ms - 1020 bytes
GET /1 - 54.04ms - 1020 bytes
GET /1 - 37.72ms - 1020 bytes
GET /1 - 54.30ms - 1020 bytes
GET /1 - 53.23ms - 1020 bytes
GET /1 - 55.58ms - 1020 bytes
GET /1 - 56.21ms - 1020 bytes
GET /1 - 57.69ms - 1020 bytes
GET /1 - 58.58ms - 1020 bytes
GET /1 - 57.77ms - 1020 bytes
GET /1 - 60.51ms - 1020 bytes
GET /1 - 61.06ms - 1020 bytes
GET /1 - 60.05ms - 1020 bytes
GET /1 - 61.08ms - 1020 bytes
GET /1 - 61.87ms - 1020 bytes
GET /1 - 62.55ms - 1020 bytes
GET /1 - 63.47ms - 1020 bytes
GET /1 - 68.44ms - 1020 bytes
GET /1 - 65.52ms - 1020 bytes
GET /1 - 69.40ms - 1020 bytes
GET /1 - 68.22ms - 1020 bytes
GET /1 - 68.17ms - 1020 bytes
GET /1 - 69.78ms - 1020 bytes
GET /1 - 70.06ms - 1020 bytes
GET /1 - 71.76ms - 1020 bytes
GET /1 - 72.17ms - 1020 bytes
GET /1 - 72.30ms - 1020 bytes
GET /1 - 73.24ms - 1020 bytes
GET /1 - 74.75ms - 1020 bytes
GET /1 - 75.05ms - 1020 bytes
GET /1 - 76.41ms - 1020 bytes
GET /1 - 76.82ms - 1020 bytes
GET /1 - 77.69ms - 1020 bytes
GET /1 - 81.37ms - 1020 bytes
GET /1 - 81.09ms - 1020 bytes
GET /1 - 83.70ms - 1020 bytes
GET /1 - 82.62ms - 1020 bytes
GET /1 - 83.14ms - 1020 bytes
GET /1 - 83.71ms - 1020 bytes
GET /1 - 84.67ms - 1020 bytes
GET /1 - 85.03ms - 1020 bytes
GET /1 - 86.21ms - 1020 bytes
GET /1 - 87.78ms - 1020 bytes
GET /1 - 89.33ms - 1020 bytes
GET /1 - 59.86ms - 1020 bytes
GET /1 - 60.30ms - 1020 bytes
GET /1 - 61.70ms - 1020 bytes
GET /1 - 61.79ms - 1020 bytes
GET /1 - 62.78ms - 1020 bytes
GET /1 - 63.30ms - 1020 bytes
GET /1 - 63.90ms - 1020 bytes
GET /1 - 65.10ms - 1020 bytes
GET /1 - 66.14ms - 1020 bytes
GET /1 - 66.59ms - 1020 bytes
GET /1 - 68.39ms - 1020 bytes
GET /1 - 66.92ms - 1020 bytes
GET /1 - 68.18ms - 1020 bytes
GET /1 - 68.13ms - 1020 bytes
GET /1 - 68.75ms - 1020 bytes
GET /1 - 69.22ms - 1020 bytes
GET /1 - 71.09ms - 1020 bytes
GET /1 - 71.56ms - 1020 bytes
GET /1 - 71.45ms - 1020 bytes
GET /1 - 72.37ms - 1020 bytes
GET /1 - 72.38ms - 1020 bytes
GET /1 - 75.08ms - 1020 bytes
GET /1 - 73.68ms - 1020 bytes
GET /1 - 74.10ms - 1020 bytes
GET /1 - 74.92ms - 1020 bytes
GET /1 - 75.71ms - 1020 bytes
GET /1 - 76.44ms - 1020 bytes
GET /1 - 77.03ms - 1020 bytes
GET /1 - 77.79ms - 1020 bytes
GET /1 - 78.56ms - 1020 bytes
GET /1 - 79.31ms - 1020 bytes
GET /1 - 79.95ms - 1020 bytes
GET /1 - 82.50ms - 1020 bytes
GET /1 - 81.70ms - 1020 bytes
GET /1 - 82.56ms - 1020 bytes
GET /1 - 83.44ms - 1020 bytes
GET /1 - 87.35ms - 1020 bytes
GET /1 - 85.23ms - 1020 bytes
GET /1 - 86.22ms - 1020 bytes
GET /1 - 88.07ms - 1020 bytes
GET /1 - 91.25ms - 1020 bytes
GET /1 - 89.35ms - 1020 bytes
GET /1 - 28.05ms - 1020 bytes
GET /1 - 29.38ms - 1020 bytes
GET /1 - 30.62ms - 1020 bytes
GET /1 - 31.94ms - 1020 bytes
GET /1 - 32.85ms - 1020 bytes
GET /1 - 33.85ms - 1020 bytes
GET /1 - 36.51ms - 1020 bytes
GET /1 - 38.20ms - 1020 bytes
GET /1 - 40.17ms - 1020 bytes
GET /1 - 40.32ms - 1020 bytes
GET /1 - 42.00ms - 1020 bytes
GET /1 - 42.68ms - 1020 bytes
GET /1 - 43.54ms - 1020 bytes
GET /1 - 44.73ms - 1020 bytes
GET /1 - 46.30ms - 1020 bytes
GET /1 - 47.84ms - 1020 bytes
GET /1 - 49.70ms - 1020 bytes
GET /1 - 56.41ms - 1020 bytes
GET /1 - 59.94ms - 1020 bytes
GET /1 - 60.75ms - 1020 bytes
GET /1 - 61.34ms - 1020 bytes
GET /1 - 62.14ms - 1020 bytes
GET /1 - 62.82ms - 1020 bytes
GET /1 - 64.97ms - 1020 bytes
GET /1 - 66.59ms - 1020 bytes
GET /1 - 66.76ms - 1020 bytes
GET /1 - 66.97ms - 1020 bytes
GET /1 - 67.86ms - 1020 bytes
GET /1 - 68.40ms - 1020 bytes
GET /1 - 69.09ms - 1020 bytes
GET /1 - 70.45ms - 1020 bytes
GET /1 - 71.08ms - 1020 bytes
GET /1 - 72.55ms - 1020 bytes
GET /1 - 71.75ms - 1020 bytes
GET /1 - 75.22ms - 1020 bytes
GET /1 - 74.01ms - 1020 bytes
GET /1 - 74.74ms - 1020 bytes
GET /1 - 75.41ms - 1020 bytes
GET /1 - 76.87ms - 1020 bytes
GET /1 - 76.28ms - 1020 bytes
GET /1 - 79.15ms - 1020 bytes
GET /1 - 78.50ms - 1020 bytes
GET /1 - 79.08ms - 1020 bytes
GET /1 - 79.85ms - 1020 bytes
GET /1 - 80.61ms - 1020 bytes
GET /1 - 81.38ms - 1020 bytes
GET /1 - 82.02ms - 1020 bytes
GET /1 - 87.19ms - 1020 bytes
GET /1 - 85.89ms - 1020 bytes
GET /1 - 85.38ms - 1020 bytes
GET /1 - 53.20ms - 1020 bytes
GET /1 - 53.10ms - 1020 bytes
GET /1 - 53.80ms - 1020 bytes
GET /1 - 54.37ms - 1020 bytes
GET /1 - 56.15ms - 1020 bytes
GET /1 - 56.63ms - 1020 bytes
GET /1 - 58.12ms - 1020 bytes
GET /1 - 58.62ms - 1020 bytes
GET /1 - 59.22ms - 1020 bytes
GET /1 - 61.36ms - 1020 bytes
GET /1 - 60.50ms - 1020 bytes
GET /1 - 61.20ms - 1020 bytes
GET /1 - 61.69ms - 1020 bytes
GET /1 - 62.23ms - 1020 bytes
GET /1 - 64.16ms - 1020 bytes
GET /1 - 63.56ms - 1020 bytes
GET /1 - 64.46ms - 1020 bytes
GET /1 - 69.44ms - 1020 bytes
GET /1 - 69.24ms - 1020 bytes
GET /1 - 66.55ms - 1020 bytes
GET /1 - 67.66ms - 1020 bytes
GET /1 - 67.45ms - 1020 bytes
GET /1 - 68.54ms - 1020 bytes
GET /1 - 69.28ms - 1020 bytes
GET /1 - 70.30ms - 1020 bytes
GET /1 - 69.80ms - 1020 bytes
GET /1 - 70.98ms - 1020 bytes
GET /1 - 72.56ms - 1020 bytes
GET /1 - 72.00ms - 1020 bytes
GET /1 - 72.23ms - 1020 bytes
GET /1 - 72.85ms - 1020 bytes
GET /1 - 74.73ms - 1020 bytes
GET /1 - 73.39ms - 1020 bytes
GET /1 - 74.45ms - 1020 bytes
GET /1 - 75.31ms - 1020 bytes
GET /1 - 76.65ms - 1020 bytes
GET /1 - 75.07ms - 1020 bytes
GET /1 - 75.60ms - 1020 bytes
GET /1 - 76.15ms - 1020 bytes
GET /1 - 76.66ms - 1020 bytes
GET /1 - 77.16ms - 1020 bytes
GET /1 - 77.67ms - 1020 bytes
GET /1 - 78.28ms - 1020 bytes
GET /1 - 80.22ms - 1020 bytes
GET /1 - 85.76ms - 1020 bytes
GET /1 - 81.32ms - 1020 bytes
GET /1 - 81.88ms - 1020 bytes
GET /1 - 85.92ms - 1020 bytes
GET /1 - 84.82ms - 1020 bytes
GET /1 - 87.54ms - 1020 bytes
GET /1 - 29.54ms - 1020 bytes
GET /1 - 30.58ms - 1020 bytes
GET /1 - 31.84ms - 1020 bytes
GET /1 - 34.18ms - 1020 bytes
GET /1 - 33.86ms - 1020 bytes
GET /1 - 35.67ms - 1020 bytes
GET /1 - 36.57ms - 1020 bytes
GET /1 - 37.52ms - 1020 bytes
GET /1 - 38.95ms - 1020 bytes
GET /1 - 39.90ms - 1020 bytes
GET /1 - 40.92ms - 1020 bytes
GET /1 - 43.88ms - 1020 bytes
GET /1 - 42.54ms - 1020 bytes
GET /1 - 43.43ms - 1020 bytes
GET /1 - 46.66ms - 1020 bytes
GET /1 - 47.99ms - 1020 bytes
GET /1 - 48.61ms - 1020 bytes
GET /1 - 51.46ms - 1020 bytes
GET /1 - 52.15ms - 1020 bytes
GET /1 - 52.31ms - 1020 bytes
GET /1 - 54.16ms - 1020 bytes
GET /1 - 54.58ms - 1020 bytes
GET /1 - 55.29ms - 1020 bytes
GET /1 - 55.66ms - 1020 bytes
GET /1 - 56.43ms - 1020 bytes
GET /1 - 57.03ms - 1020 bytes
GET /1 - 57.81ms - 1020 bytes
GET /1 - 58.40ms - 1020 bytes
GET /1 - 59.00ms - 1020 bytes
GET /1 - 59.72ms - 1020 bytes
GET /1 - 63.40ms - 1020 bytes
GET /1 - 62.64ms - 1020 bytes
GET /1 - 64.19ms - 1020 bytes
GET /1 - 29.33ms - 1020 bytes
GET /1 - 29.65ms - 1020 bytes
GET /1 - 30.48ms - 1020 bytes
GET /1 - 32.02ms - 1020 bytes
GET /1 - 32.86ms - 1020 bytes
GET /1 - 32.97ms - 1020 bytes
GET /1 - 33.99ms - 1020 bytes
GET /1 - 34.86ms - 1020 bytes
GET /1 - 35.64ms - 1020 bytes
GET /1 - 36.37ms - 1020 bytes
GET /1 - 37.20ms - 1020 bytes
GET /1 - 38.05ms - 1020 bytes
GET /1 - 38.80ms - 1020 bytes
GET /1 - 41.19ms - 1020 bytes
GET /1 - 40.15ms - 1020 bytes
GET /1 - 40.75ms - 1020 bytes
GET /1 - 41.49ms - 1020 bytes
GET /1 - 43.25ms - 1020 bytes
GET /1 - 44.83ms - 1020 bytes
GET /1 - 46.32ms - 1020 bytes
GET /1 - 51.14ms - 1020 bytes
GET /1 - 48.30ms - 1020 bytes
GET /1 - 49.68ms - 1020 bytes
GET /1 - 51.82ms - 1020 bytes
GET /1 - 50.62ms - 1020 bytes
GET /1 - 51.17ms - 1020 bytes
GET /1 - 51.79ms - 1020 bytes
GET /1 - 53.31ms - 1020 bytes
GET /1 - 53.94ms - 1020 bytes
GET /1 - 58.16ms - 1020 bytes
GET /1 - 54.91ms - 1020 bytes
GET /1 - 55.03ms - 1020 bytes
GET /1 - 55.72ms - 1020 bytes
GET /1 - 56.34ms - 1020 bytes
GET /1 - 57.14ms - 1020 bytes
GET /1 - 57.92ms - 1020 bytes
GET /1 - 58.72ms - 1020 bytes
GET /1 - 60.74ms - 1020 bytes
GET /1 - 64.92ms - 1020 bytes
GET /1 - 64.13ms - 1020 bytes
GET /1 - 64.87ms - 1020 bytes
GET /1 - 65.41ms - 1020 bytes
GET /1 - 66.12ms - 1020 bytes
GET /1 - 66.85ms - 1020 bytes
GET /1 - 67.59ms - 1020 bytes
GET /1 - 68.53ms - 1020 bytes
GET /1 - 69.70ms - 1020 bytes
GET /1 - 73.48ms - 1020 bytes
GET /1 - 73.15ms - 1020 bytes
GET /1 - 74.18ms - 1020 bytes
GET /1 - 75.63ms - 1020 bytes
GET /1 - 79.11ms - 1020 bytes
GET /1 - 77.95ms - 1020 bytes
GET /1 - 80.07ms - 1020 bytes
GET /1 - 82.55ms - 1020 bytes
GET /1 - 81.46ms - 1020 bytes
GET /1 - 82.84ms - 1020 bytes
GET /1 - 84.30ms - 1020 bytes
GET /1 - 85.46ms - 1020 bytes
GET /1 - 87.93ms - 1020 bytes
GET /1 - 87.89ms - 1020 bytes
GET /1 - 89.30ms - 1020 bytes
GET /1 - 90.19ms - 1020 bytes
GET /1 - 91.38ms - 1020 bytes
GET /1 - 92.93ms - 1020 bytes
GET /1 - 95.21ms - 1020 bytes
GET /1 - 95.98ms - 1020 bytes
GET /1 - 35.20ms - 1020 bytes
GET /1 - 34.91ms - 1020 bytes
GET /1 - 35.64ms - 1020 bytes
GET /1 - 37.09ms - 1020 bytes
GET /1 - 36.69ms - 1020 bytes
GET /1 - 36.19ms - 1020 bytes
GET /1 - 37.16ms - 1020 bytes
GET /1 - 39.33ms - 1020 bytes
GET /1 - 38.94ms - 1020 bytes
GET /1 - 39.63ms - 1020 bytes
GET /1 - 40.70ms - 1020 bytes
GET /1 - 41.55ms - 1020 bytes
GET /1 - 42.56ms - 1020 bytes
GET /1 - 43.52ms - 1020 bytes
GET /1 - 49.25ms - 1020 bytes
GET /1 - 50.89ms - 1020 bytes
GET /1 - 49.68ms - 1020 bytes
GET /1 - 68.53ms - 1020 bytes
GET /1 - 69.23ms - 1020 bytes
GET /1 - 70.12ms - 1020 bytes
GET /1 - 70.96ms - 1020 bytes
GET /1 - 71.88ms - 1020 bytes
GET /1 - 72.85ms - 1020 bytes
GET /1 - 73.62ms - 1020 bytes
GET /1 - 74.37ms - 1020 bytes
GET /1 - 75.06ms - 1020 bytes
GET /1 - 75.66ms - 1020 bytes
GET /1 - 76.31ms - 1020 bytes
GET /1 - 76.98ms - 1020 bytes
GET /1 - 81.90ms - 1020 bytes
GET /1 - 82.03ms - 1020 bytes
GET /1 - 83.48ms - 1020 bytes
GET /1 - 67.65ms - 1020 bytes
GET /1 - 49.17ms - 1020 bytes
GET /1 - 49.69ms - 1020 bytes
GET /1 - 50.92ms - 1020 bytes
GET /1 - 49.28ms - 1020 bytes
GET /1 - 51.09ms - 1020 bytes
GET /1 - 50.04ms - 1020 bytes
GET /1 - 51.66ms - 1020 bytes
GET /1 - 52.22ms - 1020 bytes
GET /1 - 52.85ms - 1020 bytes
GET /1 - 53.56ms - 1020 bytes
GET /1 - 54.30ms - 1020 bytes
GET /1 - 53.11ms - 1020 bytes
GET /1 - 53.49ms - 1020 bytes
GET /1 - 62.51ms - 1020 bytes
GET /1 - 54.39ms - 1020 bytes
GET /1 - 54.86ms - 1020 bytes
GET /1 - 55.19ms - 1020 bytes
GET /1 - 55.50ms - 1020 bytes
GET /1 - 54.99ms - 1020 bytes
GET /1 - 55.24ms - 1020 bytes
GET /1 - 55.53ms - 1020 bytes
GET /1 - 55.87ms - 1020 bytes
GET /1 - 58.05ms - 1020 bytes
GET /1 - 58.49ms - 1020 bytes
GET /1 - 57.85ms - 1020 bytes
GET /1 - 58.03ms - 1020 bytes
GET /1 - 58.18ms - 1020 bytes
GET /1 - 58.40ms - 1020 bytes
GET /1 - 58.57ms - 1020 bytes
GET /1 - 58.50ms - 1020 bytes
GET /1 - 58.66ms - 1020 bytes
GET /1 - 58.94ms - 1020 bytes
GET /1 - 59.11ms - 1020 bytes
GET /1 - 59.33ms - 1020 bytes
GET /1 - 59.59ms - 1020 bytes
GET /1 - 59.85ms - 1020 bytes
GET /1 - 60.15ms - 1020 bytes
GET /1 - 60.27ms - 1020 bytes
GET /1 - 60.49ms - 1020 bytes
GET /1 - 60.74ms - 1020 bytes
GET /1 - 61.09ms - 1020 bytes
GET /1 - 61.41ms - 1020 bytes
GET /1 - 61.71ms - 1020 bytes
GET /1 - 61.98ms - 1020 bytes
GET /1 - 62.26ms - 1020 bytes
GET /1 - 62.63ms - 1020 bytes
GET /1 - 62.96ms - 1020 bytes
GET /1 - 63.31ms - 1020 bytes
GET /1 - 64.02ms - 1020 bytes
GET /1 - 64.28ms - 1020 bytes
GET /1 - 64.68ms - 1020 bytes
GET /1 - 64.98ms - 1020 bytes
GET /1 - 65.31ms - 1020 bytes
GET /1 - 65.62ms - 1020 bytes
GET /1 - 65.96ms - 1020 bytes
GET /1 - 66.30ms - 1020 bytes
GET /1 - 66.61ms - 1020 bytes
GET /1 - 66.91ms - 1020 bytes
GET /1 - 67.15ms - 1020 bytes
GET /1 - 67.32ms - 1020 bytes
GET /1 - 67.65ms - 1020 bytes
GET /1 - 67.57ms - 1020 bytes
GET /1 - 67.88ms - 1020 bytes
GET /1 - 68.22ms - 1020 bytes
GET /1 - 97.87ms - 1020 bytes
GET /1 - 96.12ms - 1020 bytes
GET /1 - 91.28ms - 1020 bytes
GET /1 - 28.60ms - 1020 bytes
GET /1 - 28.69ms - 1020 bytes
GET /1 - 29.26ms - 1020 bytes
GET /1 - 29.79ms - 1020 bytes
GET /1 - 30.42ms - 1020 bytes
GET /1 - 30.95ms - 1020 bytes
GET /1 - 31.47ms - 1020 bytes
GET /1 - 33.59ms - 1020 bytes
GET /1 - 34.16ms - 1020 bytes
GET /1 - 36.70ms - 1020 bytes
GET /1 - 35.98ms - 1020 bytes
GET /1 - 36.97ms - 1020 bytes
GET /1 - 37.77ms - 1020 bytes
GET /1 - 41.18ms - 1020 bytes
GET /1 - 41.91ms - 1020 bytes
GET /1 - 41.20ms - 1020 bytes
GET /1 - 41.44ms - 1020 bytes
GET /1 - 49.94ms - 1020 bytes
GET /1 - 50.78ms - 1020 bytes
GET /1 - 50.28ms - 1020 bytes
GET /1 - 51.34ms - 1020 bytes
GET /1 - 51.97ms - 1020 bytes
GET /1 - 52.75ms - 1020 bytes
GET /1 - 53.41ms - 1020 bytes
GET /1 - 55.14ms - 1020 bytes
GET /1 - 56.54ms - 1020 bytes
GET /1 - 55.73ms - 1020 bytes
GET /1 - 56.30ms - 1020 bytes
GET /1 - 56.43ms - 1020 bytes
GET /1 - 57.15ms - 1020 bytes
GET /1 - 58.77ms - 1020 bytes
GET /1 - 61.78ms - 1020 bytes
GET /1 - 60.37ms - 1020 bytes
GET /1 - 31.75ms - 1020 bytes
GET /1 - 31.69ms - 1020 bytes
GET /1 - 33.46ms - 1020 bytes
GET /1 - 34.42ms - 1020 bytes
GET /1 - 34.46ms - 1020 bytes
GET /1 - 35.92ms - 1020 bytes
GET /1 - 36.13ms - 1020 bytes
GET /1 - 36.88ms - 1020 bytes
GET /1 - 38.76ms - 1020 bytes
GET /1 - 38.28ms - 1020 bytes
GET /1 - 38.96ms - 1020 bytes
GET /1 - 41.32ms - 1020 bytes
GET /1 - 40.44ms - 1020 bytes
GET /1 - 42.31ms - 1020 bytes
GET /1 - 41.76ms - 1020 bytes
GET /1 - 41.82ms - 1020 bytes
GET /1 - 42.54ms - 1020 bytes
GET /1 - 43.20ms - 1020 bytes
GET /1 - 43.82ms - 1020 bytes
GET /1 - 45.46ms - 1020 bytes
GET /1 - 53.47ms - 1020 bytes
GET /1 - 49.07ms - 1020 bytes
GET /1 - 51.90ms - 1020 bytes
GET /1 - 50.31ms - 1020 bytes
GET /1 - 51.09ms - 1020 bytes
GET /1 - 52.19ms - 1020 bytes
GET /1 - 53.21ms - 1020 bytes
GET /1 - 54.27ms - 1020 bytes
GET /1 - 55.30ms - 1020 bytes
GET /1 - 56.39ms - 1020 bytes
GET /1 - 57.55ms - 1020 bytes
GET /1 - 58.90ms - 1020 bytes
GET /1 - 60.18ms - 1020 bytes
GET /1 - 61.21ms - 1020 bytes
GET /1 - 62.21ms - 1020 bytes
GET /1 - 63.18ms - 1020 bytes
GET /1 - 64.25ms - 1020 bytes
GET /1 - 65.38ms - 1020 bytes
GET /1 - 70.44ms - 1020 bytes
GET /1 - 67.50ms - 1020 bytes
GET /1 - 68.33ms - 1020 bytes
GET /1 - 73.24ms - 1020 bytes
GET /1 - 70.31ms - 1020 bytes
GET /1 - 72.03ms - 1020 bytes
GET /1 - 72.72ms - 1020 bytes
GET /1 - 74.22ms - 1020 bytes
GET /1 - 77.16ms - 1020 bytes
GET /1 - 77.96ms - 1020 bytes
GET /1 - 79.39ms - 1020 bytes
GET /1 - 80.97ms - 1020 bytes
GET /1 - 82.92ms - 1020 bytes
GET /1 - 84.21ms - 1020 bytes
GET /1 - 85.35ms - 1020 bytes
GET /1 - 86.38ms - 1020 bytes
GET /1 - 87.54ms - 1020 bytes
GET /1 - 75.04ms - 1020 bytes
GET /1 - 88.50ms - 1020 bytes
GET /1 - 89.51ms - 1020 bytes
GET /1 - 90.42ms - 1020 bytes
GET /1 - 91.34ms - 1020 bytes
GET /1 - 92.35ms - 1020 bytes
GET /1 - 93.18ms - 1020 bytes
GET /1 - 94.07ms - 1020 bytes
GET /1 - 97.65ms - 1020 bytes
GET /1 - 97.18ms - 1020 bytes
GET /1 - 104.01ms - 1020 bytes
GET /1 - 101.04ms - 1020 bytes
GET /1 - 37.40ms - 1020 bytes
GET /1 - 37.71ms - 1020 bytes
GET /1 - 38.33ms - 1020 bytes
GET /1 - 39.44ms - 1020 bytes
GET /1 - 39.68ms - 1020 bytes
GET /1 - 40.47ms - 1020 bytes
GET /1 - 41.74ms - 1020 bytes
GET /1 - 42.81ms - 1020 bytes
GET /1 - 44.06ms - 1020 bytes
GET /1 - 45.30ms - 1020 bytes
GET /1 - 46.43ms - 1020 bytes
GET /1 - 47.89ms - 1020 bytes
GET /1 - 48.78ms - 1020 bytes
GET /1 - 49.92ms - 1020 bytes
GET /1 - 52.99ms - 1020 bytes
GET /1 - 53.60ms - 1020 bytes
GET /1 - 54.94ms - 1020 bytes
GET /1 - 58.92ms - 1020 bytes
GET /1 - 59.70ms - 1020 bytes
GET /1 - 56.64ms - 1020 bytes
GET /1 - 58.99ms - 1020 bytes
GET /1 - 59.82ms - 1020 bytes
GET /1 - 60.53ms - 1020 bytes
GET /1 - 61.67ms - 1020 bytes
GET /1 - 63.47ms - 1020 bytes
GET /1 - 63.53ms - 1020 bytes
GET /1 - 65.03ms - 1020 bytes
GET /1 - 68.05ms - 1020 bytes
GET /1 - 66.23ms - 1020 bytes
GET /1 - 67.34ms - 1020 bytes
GET /1 - 70.13ms - 1020 bytes
GET /1 - 69.68ms - 1020 bytes
GET /1 - 71.07ms - 1020 bytes
GET /1 - 37.19ms - 1020 bytes
GET /1 - 37.91ms - 1020 bytes
GET /1 - 38.51ms - 1020 bytes
GET /1 - 39.42ms - 1020 bytes
GET /1 - 41.71ms - 1020 bytes
GET /1 - 40.91ms - 1020 bytes
GET /1 - 42.43ms - 1020 bytes
GET /1 - 42.58ms - 1020 bytes
GET /1 - 44.60ms - 1020 bytes
GET /1 - 43.75ms - 1020 bytes
GET /1 - 44.33ms - 1020 bytes
GET /1 - 45.93ms - 1020 bytes
GET /1 - 46.11ms - 1020 bytes
GET /1 - 47.78ms - 1020 bytes
GET /1 - 49.45ms - 1020 bytes
GET /1 - 48.47ms - 1020 bytes
GET /1 - 49.40ms - 1020 bytes
GET /1 - 51.33ms - 1020 bytes
GET /1 - 51.25ms - 1020 bytes
GET /1 - 52.78ms - 1020 bytes
GET /1 - 52.90ms - 1020 bytes
GET /1 - 53.66ms - 1020 bytes
GET /1 - 54.36ms - 1020 bytes
GET /1 - 56.88ms - 1020 bytes
GET /1 - 55.72ms - 1020 bytes
GET /1 - 56.75ms - 1020 bytes
GET /1 - 57.16ms - 1020 bytes
GET /1 - 58.15ms - 1020 bytes
GET /1 - 58.42ms - 1020 bytes
GET /1 - 59.29ms - 1020 bytes
GET /1 - 59.98ms - 1020 bytes
GET /1 - 60.58ms - 1020 bytes
GET /1 - 61.18ms - 1020 bytes
GET /1 - 61.87ms - 1020 bytes
GET /1 - 61.00ms - 1020 bytes
GET /1 - 61.66ms - 1020 bytes
GET /1 - 66.77ms - 1020 bytes
GET /1 - 68.03ms - 1020 bytes
GET /1 - 63.75ms - 1020 bytes
GET /1 - 64.89ms - 1020 bytes
GET /1 - 69.10ms - 1020 bytes
GET /1 - 67.04ms - 1020 bytes
GET /1 - 67.39ms - 1020 bytes
GET /1 - 67.97ms - 1020 bytes
GET /1 - 67.87ms - 1020 bytes
GET /1 - 68.16ms - 1020 bytes
GET /1 - 68.90ms - 1020 bytes
GET /1 - 70.14ms - 1020 bytes
GET /1 - 71.05ms - 1020 bytes
GET /1 - 71.82ms - 1020 bytes
GET /1 - 72.63ms - 1020 bytes
GET /1 - 73.46ms - 1020 bytes
GET /1 - 74.43ms - 1020 bytes
GET /1 - 77.49ms - 1020 bytes
GET /1 - 76.83ms - 1020 bytes
GET /1 - 77.95ms - 1020 bytes
GET /1 - 78.46ms - 1020 bytes
GET /1 - 81.74ms - 1020 bytes
GET /1 - 80.57ms - 1020 bytes
GET /1 - 81.20ms - 1020 bytes
GET /1 - 82.69ms - 1020 bytes
GET /1 - 82.97ms - 1020 bytes
GET /1 - 83.00ms - 1020 bytes
GET /1 - 83.52ms - 1020 bytes
GET /1 - 84.66ms - 1020 bytes
GET /1 - 84.97ms - 1020 bytes
GET /1 - 90.69ms - 1020 bytes
GET /1 - 19.84ms - 1020 bytes
GET /1 - 20.41ms - 1020 bytes
GET /1 - 20.74ms - 1020 bytes
GET /1 - 21.51ms - 1020 bytes
GET /1 - 22.98ms - 1020 bytes
GET /1 - 23.02ms - 1020 bytes
GET /1 - 23.55ms - 1020 bytes
GET /1 - 24.09ms - 1020 bytes
GET /1 - 24.70ms - 1020 bytes
GET /1 - 25.49ms - 1020 bytes
GET /1 - 27.81ms - 1020 bytes
GET /1 - 26.79ms - 1020 bytes
GET /1 - 27.89ms - 1020 bytes
GET /1 - 29.25ms - 1020 bytes
GET /1 - 28.24ms - 1020 bytes
GET /1 - 31.81ms - 1020 bytes
GET /1 - 32.72ms - 1020 bytes
GET /1 - 40.97ms - 1020 bytes
GET /1 - 40.15ms - 1020 bytes
GET /1 - 42.13ms - 1020 bytes
GET /1 - 42.43ms - 1020 bytes
GET /1 - 43.21ms - 1020 bytes
GET /1 - 44.51ms - 1020 bytes
GET /1 - 45.10ms - 1020 bytes
GET /1 - 46.59ms - 1020 bytes
GET /1 - 24.44ms - 1020 bytes
GET /1 - 24.30ms - 1020 bytes
GET /1 - 26.43ms - 1020 bytes
GET /1 - 28.25ms - 1020 bytes
GET /1 - 28.99ms - 1020 bytes
GET /1 - 28.94ms - 1020 bytes
GET /1 - 31.62ms - 1020 bytes
GET /1 - 31.39ms - 1020 bytes
GET /1 - 31.76ms - 1020 bytes
GET /1 - 33.26ms - 1020 bytes
GET /1 - 33.33ms - 1020 bytes
GET /1 - 33.98ms - 1020 bytes
GET /1 - 35.43ms - 1020 bytes
GET /1 - 36.29ms - 1020 bytes
GET /1 - 35.58ms - 1020 bytes
GET /1 - 36.72ms - 1020 bytes
GET /1 - 37.44ms - 1020 bytes
GET /1 - 40.01ms - 1020 bytes
GET /1 - 40.78ms - 1020 bytes
GET /1 - 41.59ms - 1020 bytes
GET /1 - 43.60ms - 1020 bytes
GET /1 - 43.98ms - 1020 bytes
GET /1 - 43.66ms - 1020 bytes
GET /1 - 44.36ms - 1020 bytes
GET /1 - 44.82ms - 1020 bytes
GET /1 - 45.49ms - 1020 bytes
GET /1 - 47.97ms - 1020 bytes
GET /1 - 47.57ms - 1020 bytes
GET /1 - 47.30ms - 1020 bytes
GET /1 - 48.07ms - 1020 bytes
GET /1 - 49.01ms - 1020 bytes
GET /1 - 49.40ms - 1020 bytes
GET /1 - 50.02ms - 1020 bytes
GET /1 - 50.74ms - 1020 bytes
GET /1 - 51.92ms - 1020 bytes
GET /1 - 53.81ms - 1020 bytes
GET /1 - 52.46ms - 1020 bytes
GET /1 - 53.64ms - 1020 bytes
GET /1 - 55.69ms - 1020 bytes
GET /1 - 54.55ms - 1020 bytes
GET /1 - 54.94ms - 1020 bytes
GET /1 - 55.46ms - 1020 bytes
GET /1 - 56.57ms - 1020 bytes
GET /1 - 56.75ms - 1020 bytes
GET /1 - 57.15ms - 1020 bytes
GET /1 - 57.69ms - 1020 bytes
GET /1 - 58.32ms - 1020 bytes
GET /1 - 60.96ms - 1020 bytes
GET /1 - 59.89ms - 1020 bytes
GET /1 - 60.64ms - 1020 bytes
GET /1 - 61.03ms - 1020 bytes
GET /1 - 61.52ms - 1020 bytes
GET /1 - 62.12ms - 1020 bytes
GET /1 - 62.70ms - 1020 bytes
GET /1 - 63.32ms - 1020 bytes
GET /1 - 63.92ms - 1020 bytes
GET /1 - 64.54ms - 1020 bytes
GET /1 - 65.12ms - 1020 bytes
GET /1 - 65.78ms - 1020 bytes
GET /1 - 66.49ms - 1020 bytes
GET /1 - 67.08ms - 1020 bytes
GET /1 - 67.64ms - 1020 bytes
GET /1 - 68.21ms - 1020 bytes
GET /1 - 68.83ms - 1020 bytes
GET /1 - 69.32ms - 1020 bytes
GET /1 - 69.86ms - 1020 bytes
GET /1 - 70.45ms - 1020 bytes
GET /1 - 75.26ms - 1020 bytes
GET /1 - 71.70ms - 1020 bytes
GET /1 - 72.22ms - 1020 bytes
GET /1 - 72.80ms - 1020 bytes
GET /1 - 73.31ms - 1020 bytes
GET /1 - 74.85ms - 1020 bytes
GET /1 - 78.90ms - 1020 bytes
GET /1 - 81.65ms - 1020 bytes
GET /1 - 12.68ms - 1020 bytes
GET /1 - 12.73ms - 1020 bytes
GET /1 - 13.36ms - 1020 bytes
GET /1 - 13.84ms - 1020 bytes
GET /1 - 15.15ms - 1020 bytes
GET /1 - 15.06ms - 1020 bytes
GET /1 - 15.92ms - 1020 bytes
GET /1 - 18.48ms - 1020 bytes
GET /1 - 17.37ms - 1020 bytes
GET /1 - 18.40ms - 1020 bytes
GET /1 - 19.45ms - 1020 bytes
GET /1 - 23.07ms - 1020 bytes
GET /1 - 22.67ms - 1020 bytes
GET /1 - 23.28ms - 1020 bytes
GET /1 - 26.19ms - 1020 bytes
GET /1 - 25.07ms - 1020 bytes
GET /1 - 22.11ms - 1020 bytes
GET /1 - 25.95ms - 1020 bytes
GET /1 - 26.55ms - 1020 bytes
GET /1 - 27.74ms - 1020 bytes
GET /1 - 28.62ms - 1020 bytes
GET /1 - 30.10ms - 1020 bytes
GET /1 - 30.55ms - 1020 bytes
GET /1 - 31.52ms - 1020 bytes
GET /1 - 21.54ms - 1020 bytes
GET /1 - 23.59ms - 1020 bytes
GET /1 - 22.31ms - 1020 bytes
GET /1 - 23.60ms - 1020 bytes
GET /1 - 27.66ms - 1020 bytes
GET /1 - 28.42ms - 1020 bytes
GET /1 - 29.06ms - 1020 bytes
GET /1 - 29.57ms - 1020 bytes
GET /1 - 20.47ms - 1020 bytes
GET /1 - 20.64ms - 1020 bytes
GET /1 - 21.59ms - 1020 bytes
GET /1 - 22.46ms - 1020 bytes
GET /1 - 23.27ms - 1020 bytes
GET /1 - 24.99ms - 1020 bytes
GET /1 - 25.96ms - 1020 bytes
GET /1 - 26.25ms - 1020 bytes
GET /1 - 25.54ms - 1020 bytes
GET /1 - 26.96ms - 1020 bytes
GET /1 - 27.52ms - 1020 bytes
GET /1 - 28.09ms - 1020 bytes
GET /1 - 29.84ms - 1020 bytes
GET /1 - 31.52ms - 1020 bytes
GET /1 - 31.16ms - 1020 bytes
GET /1 - 31.09ms - 1020 bytes
GET /1 - 31.80ms - 1020 bytes
GET /1 - 32.24ms - 1020 bytes
GET /1 - 33.04ms - 1020 bytes
GET /1 - 34.51ms - 1020 bytes
GET /1 - 34.65ms - 1020 bytes
GET /1 - 35.58ms - 1020 bytes
GET /1 - 36.24ms - 1020 bytes
GET /1 - 36.87ms - 1020 bytes
GET /1 - 39.30ms - 1020 bytes
GET /1 - 37.92ms - 1020 bytes
GET /1 - 40.06ms - 1020 bytes
GET /1 - 39.07ms - 1020 bytes
GET /1 - 40.46ms - 1020 bytes
GET /1 - 42.92ms - 1020 bytes
GET /1 - 39.77ms - 1020 bytes
GET /1 - 41.92ms - 1020 bytes
GET /1 - 42.66ms - 1020 bytes
GET /1 - 44.84ms - 1020 bytes
GET /1 - 44.14ms - 1020 bytes
GET /1 - 45.81ms - 1020 bytes
GET /1 - 47.37ms - 1020 bytes
GET /1 - 47.11ms - 1020 bytes
GET /1 - 47.14ms - 1020 bytes
GET /1 - 47.93ms - 1020 bytes
GET /1 - 48.73ms - 1020 bytes
GET /1 - 49.41ms - 1020 bytes
GET /1 - 50.31ms - 1020 bytes
GET /1 - 52.15ms - 1020 bytes
GET /1 - 51.86ms - 1020 bytes
GET /1 - 52.68ms - 1020 bytes
GET /1 - 54.96ms - 1020 bytes
GET /1 - 55.44ms - 1020 bytes
GET /1 - 53.59ms - 1020 bytes
GET /1 - 58.34ms - 1020 bytes
GET /1 - 58.92ms - 1020 bytes
GET /1 - 57.73ms - 1020 bytes
GET /1 - 58.38ms - 1020 bytes
GET /1 - 59.14ms - 1020 bytes
GET /1 - 59.82ms - 1020 bytes
GET /1 - 61.26ms - 1020 bytes
GET /1 - 61.37ms - 1020 bytes
GET /1 - 62.17ms - 1020 bytes
GET /1 - 63.01ms - 1020 bytes
GET /1 - 63.71ms - 1020 bytes
GET /1 - 64.44ms - 1020 bytes
GET /1 - 65.22ms - 1020 bytes
GET /1 - 66.16ms - 1020 bytes
GET /1 - 67.08ms - 1020 bytes
GET /1 - 67.88ms - 1020 bytes
GET /1 - 71.19ms - 1020 bytes
GET /1 - 71.06ms - 1020 bytes
GET /1 - 72.88ms - 1020 bytes
GET /1 - 14.75ms - 1020 bytes
GET /1 - 15.09ms - 1020 bytes
GET /1 - 16.40ms - 1020 bytes
GET /1 - 16.59ms - 1020 bytes
GET /1 - 16.84ms - 1020 bytes
GET /1 - 17.36ms - 1020 bytes
GET /1 - 18.12ms - 1020 bytes
GET /1 - 19.20ms - 1020 bytes
GET /1 - 18.64ms - 1020 bytes
GET /1 - 19.75ms - 1020 bytes
GET /1 - 20.25ms - 1020 bytes
GET /1 - 20.73ms - 1020 bytes
GET /1 - 21.22ms - 1020 bytes
GET /1 - 22.05ms - 1020 bytes
GET /1 - 24.88ms - 1020 bytes
GET /1 - 26.15ms - 1020 bytes
GET /1 - 26.57ms - 1020 bytes
GET /1 - 27.99ms - 1020 bytes
GET /1 - 27.24ms - 1020 bytes
GET /1 - 28.36ms - 1020 bytes
GET /1 - 29.20ms - 1020 bytes
GET /1 - 30.98ms - 1020 bytes
GET /1 - 33.62ms - 1020 bytes
GET /1 - 35.25ms - 1020 bytes
GET /1 - 30.57ms - 1020 bytes
GET /1 - 31.01ms - 1020 bytes
GET /1 - 32.26ms - 1020 bytes
GET /1 - 33.32ms - 1020 bytes
GET /1 - 30.19ms - 1020 bytes
GET /1 - 30.92ms - 1020 bytes
GET /1 - 32.07ms - 1020 bytes
GET /1 - 31.56ms - 1020 bytes
GET /1 - 17.57ms - 1020 bytes
GET /1 - 18.91ms - 1020 bytes
GET /1 - 17.87ms - 1020 bytes
GET /1 - 19.46ms - 1020 bytes
GET /1 - 20.42ms - 1020 bytes
GET /1 - 20.02ms - 1020 bytes
GET /1 - 20.61ms - 1020 bytes
GET /1 - 21.97ms - 1020 bytes
GET /1 - 20.78ms - 1020 bytes
GET /1 - 23.10ms - 1020 bytes
GET /1 - 23.61ms - 1020 bytes
GET /1 - 22.56ms - 1020 bytes
GET /1 - 22.86ms - 1020 bytes
GET /1 - 23.64ms - 1020 bytes
GET /1 - 23.94ms - 1020 bytes
GET /1 - 24.58ms - 1020 bytes
GET /1 - 25.22ms - 1020 bytes
GET /1 - 26.09ms - 1020 bytes
GET /1 - 26.76ms - 1020 bytes
GET /1 - 27.30ms - 1020 bytes
GET /1 - 27.75ms - 1020 bytes
GET /1 - 28.19ms - 1020 bytes
GET /1 - 28.59ms - 1020 bytes
GET /1 - 30.45ms - 1020 bytes
GET /1 - 29.70ms - 1020 bytes
GET /1 - 30.12ms - 1020 bytes
GET /1 - 30.52ms - 1020 bytes
GET /1 - 30.94ms - 1020 bytes
GET /1 - 35.55ms - 1020 bytes
GET /1 - 32.51ms - 1020 bytes
GET /1 - 32.68ms - 1020 bytes
GET /1 - 32.81ms - 1020 bytes
GET /1 - 33.67ms - 1020 bytes
GET /1 - 34.61ms - 1020 bytes
GET /1 - 37.41ms - 1020 bytes
GET /1 - 35.26ms - 1020 bytes
GET /1 - 35.54ms - 1020 bytes
GET /1 - 36.56ms - 1020 bytes
GET /1 - 36.07ms - 1020 bytes
GET /1 - 37.19ms - 1020 bytes
GET /1 - 37.74ms - 1020 bytes
GET /1 - 38.27ms - 1020 bytes
GET /1 - 38.85ms - 1020 bytes
GET /1 - 40.94ms - 1020 bytes
GET /1 - 39.96ms - 1020 bytes
GET /1 - 40.92ms - 1020 bytes
GET /1 - 44.59ms - 1020 bytes
GET /1 - 43.15ms - 1020 bytes
GET /1 - 45.50ms - 1020 bytes
GET /1 - 44.52ms - 1020 bytes
GET /1 - 44.68ms - 1020 bytes
GET /1 - 44.87ms - 1020 bytes
GET /1 - 45.78ms - 1020 bytes
GET /1 - 46.23ms - 1020 bytes
GET /1 - 46.45ms - 1020 bytes
GET /1 - 47.21ms - 1020 bytes
GET /1 - 49.10ms - 1020 bytes
GET /1 - 48.64ms - 1020 bytes
GET /1 - 49.81ms - 1020 bytes
GET /1 - 49.65ms - 1020 bytes
GET /1 - 49.93ms - 1020 bytes
GET /1 - 50.28ms - 1020 bytes
GET /1 - 50.68ms - 1020 bytes
GET /1 - 51.82ms - 1020 bytes
GET /1 - 51.64ms - 1020 bytes
GET /1 - 52.76ms - 1020 bytes
GET /1 - 54.46ms - 1020 bytes
GET / - 8.28ms - 139 bytes
GET / - 1.57ms - 139 bytes
GET / - 21.87ms - 1011 bytes
GET /favicon.ico - 7.61ms - 150 bytes
GET / - 3.32ms - 1019 bytes
GET /favicon.ico - 0.98ms - 150 bytes
GET /contact - 0.85ms - 146 bytes
GET /favicon.ico - 1.05ms - 150 bytes
GET /contact - 7.11ms - 146 bytes
GET /contact - 2.25ms - 146 bytes
GET /favicon.ico - 1.13ms - 150 bytes
GET / - 11.99ms - 130 bytes
GET /favicon.ico - 3.30ms - 150 bytes
GET /favicon.ico - 1.49ms - 150 bytes
GET / - 3.29ms - 130 bytes
GET /favicon.ico - 1.20ms - 150 bytes
GET /favicon.ico - 1.31ms - 150 bytes
GET / - 2.09ms - 130 bytes
GET /favicon.ico - 1.09ms - 150 bytes
GET /favicon.ico - 1.35ms - 150 bytes
GET / - 6.84ms - 1019 bytes
GET /favicon.ico - 1.27ms - 150 bytes
GET / - 1.58ms - 130 bytes
GET /favicon.ico - 0.85ms - 150 bytes
GET /favicon.ico - 1.38ms - 150 bytes
GET / - 1.44ms - 130 bytes
GET /favicon.ico - 1.64ms - 150 bytes
GET /favicon.ico - 1.11ms - 150 bytes
GET / - 3.32ms - 1019 bytes
GET /favicon.ico - 0.70ms - 150 bytes
GET / - 3.31ms - 1019 bytes
GET /favicon.ico - 0.89ms - 150 bytes
GET / - 3.38ms - 1333 bytes
GET /articles/ - 25.16ms - 1083 bytes
GET /articles/ - 4.44ms - 1083 bytes
GET /articles/ - 3.71ms - 1083 bytes
GET /articles/ - 5.67ms - 1803 bytes
GET / - 16.04ms - 1022 bytes
GET /favicon.ico - 2.96ms - 150 bytes
GET / - 16.41ms - 1267 bytes
GET /favicon.ico - 3.10ms - 150 bytes
GET / - 5.24ms - 1415 bytes
GET /favicon.ico - 1.59ms - 150 bytes
GET / - 5.21ms - 1429 bytes
GET /favicon.ico - 1.60ms - 150 bytes
GET / - 3.55ms - 1570 bytes
GET /favicon.ico - 0.87ms - 150 bytes
GET / - 3.71ms - 1579 bytes
GET /favicon.ico - 0.87ms - 150 bytes
